2025-11-28 11:58:14 DEBUG es.potersitos.App - Cargando el archivo FXML: ventana.fxml
2025-11-28 11:58:15 INFO  es.potersitos.dao.UsuariosDAO - UsuariosDAO inicializado. Preparado para ejecución de script Python.
2025-11-28 11:58:15 DEBUG e.p.controladores.ControladorVentana - Controlador inicializado. DAO creado.
2025-11-28 11:58:15 INFO  es.potersitos.dao.UsuariosDAO - DAO: Llamando a script Python para obtener/actualizar datos.
2025-11-28 11:58:15 ERROR es.potersitos.dao.UsuariosDAO - Error de Python (stderr): Traceback (most recent call last):
2025-11-28 11:58:15 ERROR es.potersitos.dao.UsuariosDAO - Error de Python (stderr):   File "C:\Users\dm2\Documents\DEIN\Proyecto3 (Hogwarts)\Reto3_Hogwarts_Anuario\python_api_scripts\gestion_datos.py", line 2, in <module>
2025-11-28 11:58:15 ERROR es.potersitos.dao.UsuariosDAO - Error de Python (stderr):     import requests
2025-11-28 11:58:15 ERROR es.potersitos.dao.UsuariosDAO - Error de Python (stderr): ModuleNotFoundError: No module named 'requests'
2025-11-28 11:58:15 ERROR es.potersitos.dao.UsuariosDAO - El proceso Python finalizó con código de error.
2025-11-28 11:58:15 INFO  es.potersitos.App - FXML cargado correctamente
2025-11-28 11:58:15 INFO  es.potersitos.App - CSS cargado correctamente
2025-11-28 11:58:18 INFO  es.potersitos.App - Aplicación finalizada correctamente
2025-11-28 13:12:29 INFO  es.potersitos.App - Iniciando aplicación JavaFX...
2025-11-28 13:12:29 DEBUG es.potersitos.App - Cargando el archivo FXML: visualizarPersonajes.fxml
2025-11-28 13:12:30 INFO  e.p.c.ControladorVisualizarPersonajes - Inicializando ControladorVisualizarPersonajes...
2025-11-28 13:12:30 INFO  es.potersitos.App - FXML cargado correctamente
2025-11-28 13:12:30 INFO  es.potersitos.App - CSS cargado correctamente
2025-11-28 13:12:35 INFO  e.p.c.ControladorVisualizarPersonajes - Panel de filtros mostrado
2025-11-28 13:12:41 INFO  e.p.c.ControladorVisualizarPersonajes - Panel de filtros ocultado
2025-11-28 13:12:47 INFO  e.p.controladores.ControladorDatos - ControladorVentana inicializado correctamente.
2025-11-28 13:12:47 DEBUG e.p.controladores.ControladorDatos - Cargando datos de prueba...
2025-11-28 13:12:47 ERROR e.p.controladores.ControladorDatos - Error al cargar la imagen. Verifica la ruta y el nombre del archivo: /es/potersitos/img/aamir_loonat.jpg
java.lang.NullPointerException: Input stream must not be null
	at javafx.graphics@24/javafx.scene.image.Image.validateInputStream(Image.java:1142)
	at javafx.graphics@24/javafx.scene.image.Image.<init>(Image.java:709)
	at es.potersitos/es.potersitos.controladores.ControladorDatos.cargarDatosPrueba(ControladorDatos.java:102)
	at es.potersitos/es.potersitos.controladores.ControladorDatos.initialize(ControladorDatos.java:83)
	at javafx.fxml@24/javafx.fxml.FXMLLoader.loadImpl(FXMLLoader.java:2640)
	at javafx.fxml@24/javafx.fxml.FXMLLoader.loadImpl(FXMLLoader.java:2533)
	at javafx.fxml@24/javafx.fxml.FXMLLoader.load(FXMLLoader.java:2503)
	at es.potersitos/es.potersitos.controladores.ControladorFichaPersonaje.handleCardClick(ControladorFichaPersonaje.java:52)
	at java.base/jdk.internal.reflect.DirectMethodHandleAccessor.invoke(DirectMethodHandleAccessor.java:104)
	at java.base/java.lang.reflect.Method.invoke(Method.java:565)
	at com.sun.javafx.reflect.Trampoline.invoke(MethodUtil.java:65)
	at java.base/jdk.internal.reflect.DirectMethodHandleAccessor.invoke(DirectMethodHandleAccessor.java:104)
	at java.base/java.lang.reflect.Method.invoke(Method.java:565)
	at javafx.base@24/com.sun.javafx.reflect.MethodUtil.invoke(MethodUtil.java:112)
	at javafx.fxml@24/com.sun.javafx.fxml.MethodHelper.invoke(MethodHelper.java:78)
	at javafx.fxml@24/javafx.fxml.FXMLLoader$MethodHandler.invoke(FXMLLoader.java:1845)
	at javafx.fxml@24/javafx.fxml.FXMLLoader$ControllerMethodEventHandler.handle(FXMLLoader.java:1718)
	at javafx.base@24/com.sun.javafx.event.CompositeEventHandler.dispatchBubblingEvent(CompositeEventHandler.java:86)
	at javafx.base@24/com.sun.javafx.event.EventHandlerManager.dispatchBubblingEvent(EventHandlerManager.java:232)
	at javafx.base@24/com.sun.javafx.event.EventHandlerManager.dispatchBubblingEvent(EventHandlerManager.java:189)
	at javafx.base@24/com.sun.javafx.event.CompositeEventDispatcher.dispatchBubblingEvent(CompositeEventDispatcher.java:59)
	at javafx.base@24/com.sun.javafx.event.BasicEventDispatcher.dispatchEvent(BasicEventDispatcher.java:58)
	at javafx.base@24/com.sun.javafx.event.EventDispatchChainImpl.dispatchEvent(EventDispatchChainImpl.java:114)
	at javafx.base@24/com.sun.javafx.event.BasicEventDispatcher.dispatchEvent(BasicEventDispatcher.java:56)
	at javafx.base@24/com.sun.javafx.event.EventDispatchChainImpl.dispatchEvent(EventDispatchChainImpl.java:114)
	at javafx.base@24/com.sun.javafx.event.BasicEventDispatcher.dispatchEvent(BasicEventDispatcher.java:56)
	at javafx.base@24/com.sun.javafx.event.EventDispatchChainImpl.dispatchEvent(EventDispatchChainImpl.java:114)
	at javafx.base@24/com.sun.javafx.event.BasicEventDispatcher.dispatchEvent(BasicEventDispatcher.java:56)
	at javafx.base@24/com.sun.javafx.event.EventDispatchChainImpl.dispatchEvent(EventDispatchChainImpl.java:114)
	at javafx.base@24/com.sun.javafx.event.BasicEventDispatcher.dispatchEvent(BasicEventDispatcher.java:56)
	at javafx.base@24/com.sun.javafx.event.EventDispatchChainImpl.dispatchEvent(EventDispatchChainImpl.java:114)
	at javafx.base@24/com.sun.javafx.event.EventUtil.fireEventImpl(EventUtil.java:74)
	at javafx.base@24/com.sun.javafx.event.EventUtil.fireEvent(EventUtil.java:54)
	at javafx.base@24/javafx.event.Event.fireEvent(Event.java:199)
	at javafx.graphics@24/javafx.scene.Scene$ClickGenerator.postProcess(Scene.java:3709)
	at javafx.graphics@24/javafx.scene.Scene$MouseHandler.process(Scene.java:4014)
	at javafx.graphics@24/javafx.scene.Scene.processMouseEvent(Scene.java:1934)
	at javafx.graphics@24/javafx.scene.Scene$ScenePeerListener.mouseEvent(Scene.java:2763)
	at javafx.graphics@24/com.sun.javafx.tk.quantum.GlassViewEventHandler$MouseEventNotification.get(GlassViewEventHandler.java:352)
	at javafx.graphics@24/com.sun.javafx.tk.quantum.GlassViewEventHandler$MouseEventNotification.get(GlassViewEventHandler.java:254)
	at javafx.graphics@24/com.sun.javafx.tk.quantum.QuantumToolkit.runWithoutRenderLock(QuantumToolkit.java:424)
	at javafx.graphics@24/com.sun.javafx.tk.quantum.GlassViewEventHandler.handleMouseEvent(GlassViewEventHandler.java:386)
	at javafx.graphics@24/com.sun.glass.ui.View.handleMouseEvent(View.java:560)
	at javafx.graphics@24/com.sun.glass.ui.View.notifyMouse(View.java:946)
	at javafx.graphics@24/com.sun.glass.ui.win.WinApplication._runLoop(Native Method)
	at javafx.graphics@24/com.sun.glass.ui.win.WinApplication.lambda$runLoop$0(WinApplication.java:168)
	at java.base/java.lang.Thread.run(Thread.java:1447)
2025-11-28 13:12:54 INFO  es.potersitos.App - Aplicación finalizada correctamente
2025-11-28 13:20:24 INFO  es.potersitos.App - Iniciando aplicación JavaFX...
2025-11-28 13:20:24 DEBUG es.potersitos.App - Cargando el archivo FXML: visualizarPersonajes.fxml
2025-11-28 13:20:24 INFO  e.p.c.ControladorVisualizarPersonajes - Inicializando ControladorVisualizarPersonajes...
2025-11-28 13:20:24 INFO  es.potersitos.App - FXML cargado correctamente
2025-11-28 13:20:24 INFO  es.potersitos.App - CSS cargado correctamente
2025-11-28 13:20:27 INFO  e.p.c.ControladorVisualizarPersonajes - Panel de filtros mostrado
2025-11-28 13:20:28 INFO  e.p.c.ControladorVisualizarPersonajes - Panel de filtros ocultado
2025-11-28 13:20:30 INFO  es.potersitos.App - Aplicación finalizada correctamente
2025-11-28 13:20:35 INFO  es.potersitos.App - Iniciando aplicación JavaFX...
2025-11-28 13:20:35 DEBUG es.potersitos.App - Cargando el archivo FXML: visualizarPersonajes.fxml
2025-11-28 13:20:35 INFO  e.p.c.ControladorVisualizarPersonajes - Inicializando ControladorVisualizarPersonajes...
2025-11-28 13:20:36 INFO  es.potersitos.App - FXML cargado correctamente
2025-11-28 13:20:36 INFO  es.potersitos.App - CSS cargado correctamente
2025-11-28 13:20:37 INFO  e.p.controladores.ControladorDatos - ControladorVentana inicializado correctamente.
2025-11-28 13:20:37 DEBUG e.p.controladores.ControladorDatos - Cargando datos de prueba...
2025-11-28 13:20:37 ERROR e.p.controladores.ControladorDatos - Error al cargar la imagen. Verifica la ruta y el nombre del archivo: /es/potersitos/img/aamir_loonat.jpg
java.lang.NullPointerException: Input stream must not be null
	at javafx.graphics@24/javafx.scene.image.Image.validateInputStream(Image.java:1142)
	at javafx.graphics@24/javafx.scene.image.Image.<init>(Image.java:709)
	at es.potersitos/es.potersitos.controladores.ControladorDatos.cargarDatosPrueba(ControladorDatos.java:102)
	at es.potersitos/es.potersitos.controladores.ControladorDatos.initialize(ControladorDatos.java:83)
	at javafx.fxml@24/javafx.fxml.FXMLLoader.loadImpl(FXMLLoader.java:2640)
	at javafx.fxml@24/javafx.fxml.FXMLLoader.loadImpl(FXMLLoader.java:2533)
	at javafx.fxml@24/javafx.fxml.FXMLLoader.load(FXMLLoader.java:2503)
	at es.potersitos/es.potersitos.controladores.ControladorFichaPersonaje.handleCardClick(ControladorFichaPersonaje.java:52)
	at java.base/jdk.internal.reflect.DirectMethodHandleAccessor.invoke(DirectMethodHandleAccessor.java:104)
	at java.base/java.lang.reflect.Method.invoke(Method.java:565)
	at com.sun.javafx.reflect.Trampoline.invoke(MethodUtil.java:65)
	at java.base/jdk.internal.reflect.DirectMethodHandleAccessor.invoke(DirectMethodHandleAccessor.java:104)
	at java.base/java.lang.reflect.Method.invoke(Method.java:565)
	at javafx.base@24/com.sun.javafx.reflect.MethodUtil.invoke(MethodUtil.java:112)
	at javafx.fxml@24/com.sun.javafx.fxml.MethodHelper.invoke(MethodHelper.java:78)
	at javafx.fxml@24/javafx.fxml.FXMLLoader$MethodHandler.invoke(FXMLLoader.java:1845)
	at javafx.fxml@24/javafx.fxml.FXMLLoader$ControllerMethodEventHandler.handle(FXMLLoader.java:1718)
	at javafx.base@24/com.sun.javafx.event.CompositeEventHandler.dispatchBubblingEvent(CompositeEventHandler.java:86)
	at javafx.base@24/com.sun.javafx.event.EventHandlerManager.dispatchBubblingEvent(EventHandlerManager.java:232)
	at javafx.base@24/com.sun.javafx.event.EventHandlerManager.dispatchBubblingEvent(EventHandlerManager.java:189)
	at javafx.base@24/com.sun.javafx.event.CompositeEventDispatcher.dispatchBubblingEvent(CompositeEventDispatcher.java:59)
	at javafx.base@24/com.sun.javafx.event.BasicEventDispatcher.dispatchEvent(BasicEventDispatcher.java:58)
	at javafx.base@24/com.sun.javafx.event.EventDispatchChainImpl.dispatchEvent(EventDispatchChainImpl.java:114)
	at javafx.base@24/com.sun.javafx.event.BasicEventDispatcher.dispatchEvent(BasicEventDispatcher.java:56)
	at javafx.base@24/com.sun.javafx.event.EventDispatchChainImpl.dispatchEvent(EventDispatchChainImpl.java:114)
	at javafx.base@24/com.sun.javafx.event.BasicEventDispatcher.dispatchEvent(BasicEventDispatcher.java:56)
	at javafx.base@24/com.sun.javafx.event.EventDispatchChainImpl.dispatchEvent(EventDispatchChainImpl.java:114)
	at javafx.base@24/com.sun.javafx.event.BasicEventDispatcher.dispatchEvent(BasicEventDispatcher.java:56)
	at javafx.base@24/com.sun.javafx.event.EventDispatchChainImpl.dispatchEvent(EventDispatchChainImpl.java:114)
	at javafx.base@24/com.sun.javafx.event.BasicEventDispatcher.dispatchEvent(BasicEventDispatcher.java:56)
	at javafx.base@24/com.sun.javafx.event.EventDispatchChainImpl.dispatchEvent(EventDispatchChainImpl.java:114)
	at javafx.base@24/com.sun.javafx.event.EventUtil.fireEventImpl(EventUtil.java:74)
	at javafx.base@24/com.sun.javafx.event.EventUtil.fireEvent(EventUtil.java:54)
	at javafx.base@24/javafx.event.Event.fireEvent(Event.java:199)
	at javafx.graphics@24/javafx.scene.Scene$ClickGenerator.postProcess(Scene.java:3709)
	at javafx.graphics@24/javafx.scene.Scene$MouseHandler.process(Scene.java:4014)
	at javafx.graphics@24/javafx.scene.Scene.processMouseEvent(Scene.java:1934)
	at javafx.graphics@24/javafx.scene.Scene$ScenePeerListener.mouseEvent(Scene.java:2763)
	at javafx.graphics@24/com.sun.javafx.tk.quantum.GlassViewEventHandler$MouseEventNotification.get(GlassViewEventHandler.java:352)
	at javafx.graphics@24/com.sun.javafx.tk.quantum.GlassViewEventHandler$MouseEventNotification.get(GlassViewEventHandler.java:254)
	at javafx.graphics@24/com.sun.javafx.tk.quantum.QuantumToolkit.runWithoutRenderLock(QuantumToolkit.java:424)
	at javafx.graphics@24/com.sun.javafx.tk.quantum.GlassViewEventHandler.handleMouseEvent(GlassViewEventHandler.java:386)
	at javafx.graphics@24/com.sun.glass.ui.View.handleMouseEvent(View.java:560)
	at javafx.graphics@24/com.sun.glass.ui.View.notifyMouse(View.java:946)
	at javafx.graphics@24/com.sun.glass.ui.win.WinApplication._runLoop(Native Method)
	at javafx.graphics@24/com.sun.glass.ui.win.WinApplication.lambda$runLoop$0(WinApplication.java:168)
	at java.base/java.lang.Thread.run(Thread.java:1447)
2025-11-28 13:20:45 INFO  e.p.controladores.ControladorDatos - ControladorVentana inicializado correctamente.
2025-11-28 13:20:45 DEBUG e.p.controladores.ControladorDatos - Cargando datos de prueba...
2025-11-28 13:20:45 ERROR e.p.controladores.ControladorDatos - Error al cargar la imagen. Verifica la ruta y el nombre del archivo: /es/potersitos/img/aamir_loonat.jpg
java.lang.NullPointerException: Input stream must not be null
	at javafx.graphics@24/javafx.scene.image.Image.validateInputStream(Image.java:1142)
	at javafx.graphics@24/javafx.scene.image.Image.<init>(Image.java:709)
	at es.potersitos/es.potersitos.controladores.ControladorDatos.cargarDatosPrueba(ControladorDatos.java:102)
	at es.potersitos/es.potersitos.controladores.ControladorDatos.initialize(ControladorDatos.java:83)
	at javafx.fxml@24/javafx.fxml.FXMLLoader.loadImpl(FXMLLoader.java:2640)
	at javafx.fxml@24/javafx.fxml.FXMLLoader.loadImpl(FXMLLoader.java:2533)
	at javafx.fxml@24/javafx.fxml.FXMLLoader.load(FXMLLoader.java:2503)
	at es.potersitos/es.potersitos.controladores.ControladorFichaPersonaje.handleCardClick(ControladorFichaPersonaje.java:52)
	at java.base/jdk.internal.reflect.DirectMethodHandleAccessor.invoke(DirectMethodHandleAccessor.java:104)
	at java.base/java.lang.reflect.Method.invoke(Method.java:565)
	at com.sun.javafx.reflect.Trampoline.invoke(MethodUtil.java:65)
	at java.base/jdk.internal.reflect.DirectMethodHandleAccessor.invoke(DirectMethodHandleAccessor.java:104)
	at java.base/java.lang.reflect.Method.invoke(Method.java:565)
	at javafx.base@24/com.sun.javafx.reflect.MethodUtil.invoke(MethodUtil.java:112)
	at javafx.fxml@24/com.sun.javafx.fxml.MethodHelper.invoke(MethodHelper.java:78)
	at javafx.fxml@24/javafx.fxml.FXMLLoader$MethodHandler.invoke(FXMLLoader.java:1845)
	at javafx.fxml@24/javafx.fxml.FXMLLoader$ControllerMethodEventHandler.handle(FXMLLoader.java:1718)
	at javafx.base@24/com.sun.javafx.event.CompositeEventHandler.dispatchBubblingEvent(CompositeEventHandler.java:86)
	at javafx.base@24/com.sun.javafx.event.EventHandlerManager.dispatchBubblingEvent(EventHandlerManager.java:232)
	at javafx.base@24/com.sun.javafx.event.EventHandlerManager.dispatchBubblingEvent(EventHandlerManager.java:189)
	at javafx.base@24/com.sun.javafx.event.CompositeEventDispatcher.dispatchBubblingEvent(CompositeEventDispatcher.java:59)
	at javafx.base@24/com.sun.javafx.event.BasicEventDispatcher.dispatchEvent(BasicEventDispatcher.java:58)
	at javafx.base@24/com.sun.javafx.event.EventDispatchChainImpl.dispatchEvent(EventDispatchChainImpl.java:114)
	at javafx.base@24/com.sun.javafx.event.BasicEventDispatcher.dispatchEvent(BasicEventDispatcher.java:56)
	at javafx.base@24/com.sun.javafx.event.EventDispatchChainImpl.dispatchEvent(EventDispatchChainImpl.java:114)
	at javafx.base@24/com.sun.javafx.event.BasicEventDispatcher.dispatchEvent(BasicEventDispatcher.java:56)
	at javafx.base@24/com.sun.javafx.event.EventDispatchChainImpl.dispatchEvent(EventDispatchChainImpl.java:114)
	at javafx.base@24/com.sun.javafx.event.BasicEventDispatcher.dispatchEvent(BasicEventDispatcher.java:56)
	at javafx.base@24/com.sun.javafx.event.EventDispatchChainImpl.dispatchEvent(EventDispatchChainImpl.java:114)
	at javafx.base@24/com.sun.javafx.event.BasicEventDispatcher.dispatchEvent(BasicEventDispatcher.java:56)
	at javafx.base@24/com.sun.javafx.event.EventDispatchChainImpl.dispatchEvent(EventDispatchChainImpl.java:114)
	at javafx.base@24/com.sun.javafx.event.EventUtil.fireEventImpl(EventUtil.java:74)
	at javafx.base@24/com.sun.javafx.event.EventUtil.fireEvent(EventUtil.java:54)
	at javafx.base@24/javafx.event.Event.fireEvent(Event.java:199)
	at javafx.graphics@24/javafx.scene.Scene$ClickGenerator.postProcess(Scene.java:3709)
	at javafx.graphics@24/javafx.scene.Scene$MouseHandler.process(Scene.java:4014)
	at javafx.graphics@24/javafx.scene.Scene.processMouseEvent(Scene.java:1934)
	at javafx.graphics@24/javafx.scene.Scene$ScenePeerListener.mouseEvent(Scene.java:2763)
	at javafx.graphics@24/com.sun.javafx.tk.quantum.GlassViewEventHandler$MouseEventNotification.get(GlassViewEventHandler.java:352)
	at javafx.graphics@24/com.sun.javafx.tk.quantum.GlassViewEventHandler$MouseEventNotification.get(GlassViewEventHandler.java:254)
	at javafx.graphics@24/com.sun.javafx.tk.quantum.QuantumToolkit.runWithoutRenderLock(QuantumToolkit.java:424)
	at javafx.graphics@24/com.sun.javafx.tk.quantum.GlassViewEventHandler.handleMouseEvent(GlassViewEventHandler.java:386)
	at javafx.graphics@24/com.sun.glass.ui.View.handleMouseEvent(View.java:560)
	at javafx.graphics@24/com.sun.glass.ui.View.notifyMouse(View.java:946)
	at javafx.graphics@24/com.sun.glass.ui.win.WinApplication._runLoop(Native Method)
	at javafx.graphics@24/com.sun.glass.ui.win.WinApplication.lambda$runLoop$0(WinApplication.java:168)
	at java.base/java.lang.Thread.run(Thread.java:1447)
2025-11-28 13:20:50 INFO  es.potersitos.App - Aplicación finalizada correctamente
2025-11-28 13:22:44 INFO  es.potersitos.App - Iniciando aplicación JavaFX...
2025-11-28 13:22:45 DEBUG es.potersitos.App - Cargando el archivo FXML: visualizarPersonajes.fxml
2025-11-28 13:22:45 INFO  e.p.c.ControladorVisualizarPersonajes - Inicializando ControladorVisualizarPersonajes...
2025-11-28 13:22:45 INFO  es.potersitos.App - FXML cargado correctamente
2025-11-28 13:22:45 INFO  es.potersitos.App - CSS cargado correctamente
2025-11-28 13:22:55 INFO  es.potersitos.App - Aplicación finalizada correctamente
2025-11-28 13:25:11 INFO  es.potersitos.App - Iniciando aplicación JavaFX...
2025-11-28 13:25:11 DEBUG es.potersitos.App - Cargando el archivo FXML: visualizarPersonajes.fxml
2025-11-28 13:25:12 INFO  e.p.c.ControladorVisualizarPersonajes - Inicializando ControladorVisualizarPersonajes...
2025-11-28 13:25:12 INFO  es.potersitos.App - FXML cargado correctamente
2025-11-28 13:25:12 INFO  es.potersitos.App - CSS cargado correctamente
2025-11-28 13:25:14 INFO  e.p.controladores.ControladorDatos - ControladorVentana inicializado correctamente.
2025-11-28 13:25:14 DEBUG e.p.controladores.ControladorDatos - Cargando datos de prueba...
2025-11-28 13:25:14 ERROR e.p.controladores.ControladorDatos - Error al cargar la imagen. Verifica la ruta y el nombre del archivo: /es/potersitos/img/aamir_loonat.jpg
java.lang.NullPointerException: Input stream must not be null
	at javafx.graphics@24/javafx.scene.image.Image.validateInputStream(Image.java:1142)
	at javafx.graphics@24/javafx.scene.image.Image.<init>(Image.java:709)
	at es.potersitos/es.potersitos.controladores.ControladorDatos.cargarDatosPrueba(ControladorDatos.java:102)
	at es.potersitos/es.potersitos.controladores.ControladorDatos.initialize(ControladorDatos.java:83)
	at javafx.fxml@24/javafx.fxml.FXMLLoader.loadImpl(FXMLLoader.java:2640)
	at javafx.fxml@24/javafx.fxml.FXMLLoader.loadImpl(FXMLLoader.java:2533)
	at javafx.fxml@24/javafx.fxml.FXMLLoader.load(FXMLLoader.java:2503)
	at es.potersitos/es.potersitos.controladores.ControladorFichaPersonaje.handleCardClick(ControladorFichaPersonaje.java:52)
	at java.base/jdk.internal.reflect.DirectMethodHandleAccessor.invoke(DirectMethodHandleAccessor.java:104)
	at java.base/java.lang.reflect.Method.invoke(Method.java:565)
	at com.sun.javafx.reflect.Trampoline.invoke(MethodUtil.java:65)
	at java.base/jdk.internal.reflect.DirectMethodHandleAccessor.invoke(DirectMethodHandleAccessor.java:104)
	at java.base/java.lang.reflect.Method.invoke(Method.java:565)
	at javafx.base@24/com.sun.javafx.reflect.MethodUtil.invoke(MethodUtil.java:112)
	at javafx.fxml@24/com.sun.javafx.fxml.MethodHelper.invoke(MethodHelper.java:78)
	at javafx.fxml@24/javafx.fxml.FXMLLoader$MethodHandler.invoke(FXMLLoader.java:1845)
	at javafx.fxml@24/javafx.fxml.FXMLLoader$ControllerMethodEventHandler.handle(FXMLLoader.java:1718)
	at javafx.base@24/com.sun.javafx.event.CompositeEventHandler.dispatchBubblingEvent(CompositeEventHandler.java:86)
	at javafx.base@24/com.sun.javafx.event.EventHandlerManager.dispatchBubblingEvent(EventHandlerManager.java:232)
	at javafx.base@24/com.sun.javafx.event.EventHandlerManager.dispatchBubblingEvent(EventHandlerManager.java:189)
	at javafx.base@24/com.sun.javafx.event.CompositeEventDispatcher.dispatchBubblingEvent(CompositeEventDispatcher.java:59)
	at javafx.base@24/com.sun.javafx.event.BasicEventDispatcher.dispatchEvent(BasicEventDispatcher.java:58)
	at javafx.base@24/com.sun.javafx.event.EventDispatchChainImpl.dispatchEvent(EventDispatchChainImpl.java:114)
	at javafx.base@24/com.sun.javafx.event.BasicEventDispatcher.dispatchEvent(BasicEventDispatcher.java:56)
	at javafx.base@24/com.sun.javafx.event.EventDispatchChainImpl.dispatchEvent(EventDispatchChainImpl.java:114)
	at javafx.base@24/com.sun.javafx.event.BasicEventDispatcher.dispatchEvent(BasicEventDispatcher.java:56)
	at javafx.base@24/com.sun.javafx.event.EventDispatchChainImpl.dispatchEvent(EventDispatchChainImpl.java:114)
	at javafx.base@24/com.sun.javafx.event.BasicEventDispatcher.dispatchEvent(BasicEventDispatcher.java:56)
	at javafx.base@24/com.sun.javafx.event.EventDispatchChainImpl.dispatchEvent(EventDispatchChainImpl.java:114)
	at javafx.base@24/com.sun.javafx.event.BasicEventDispatcher.dispatchEvent(BasicEventDispatcher.java:56)
	at javafx.base@24/com.sun.javafx.event.EventDispatchChainImpl.dispatchEvent(EventDispatchChainImpl.java:114)
	at javafx.base@24/com.sun.javafx.event.EventUtil.fireEventImpl(EventUtil.java:74)
	at javafx.base@24/com.sun.javafx.event.EventUtil.fireEvent(EventUtil.java:54)
	at javafx.base@24/javafx.event.Event.fireEvent(Event.java:199)
	at javafx.graphics@24/javafx.scene.Scene$ClickGenerator.postProcess(Scene.java:3709)
	at javafx.graphics@24/javafx.scene.Scene$MouseHandler.process(Scene.java:4014)
	at javafx.graphics@24/javafx.scene.Scene.processMouseEvent(Scene.java:1934)
	at javafx.graphics@24/javafx.scene.Scene$ScenePeerListener.mouseEvent(Scene.java:2763)
	at javafx.graphics@24/com.sun.javafx.tk.quantum.GlassViewEventHandler$MouseEventNotification.get(GlassViewEventHandler.java:352)
	at javafx.graphics@24/com.sun.javafx.tk.quantum.GlassViewEventHandler$MouseEventNotification.get(GlassViewEventHandler.java:254)
	at javafx.graphics@24/com.sun.javafx.tk.quantum.QuantumToolkit.runWithoutRenderLock(QuantumToolkit.java:424)
	at javafx.graphics@24/com.sun.javafx.tk.quantum.GlassViewEventHandler.handleMouseEvent(GlassViewEventHandler.java:386)
	at javafx.graphics@24/com.sun.glass.ui.View.handleMouseEvent(View.java:560)
	at javafx.graphics@24/com.sun.glass.ui.View.notifyMouse(View.java:946)
	at javafx.graphics@24/com.sun.glass.ui.win.WinApplication._runLoop(Native Method)
	at javafx.graphics@24/com.sun.glass.ui.win.WinApplication.lambda$runLoop$0(WinApplication.java:168)
	at java.base/java.lang.Thread.run(Thread.java:1447)
2025-11-28 13:25:19 INFO  e.p.c.ControladorVisualizarPersonajes - Panel de filtros mostrado
2025-11-28 13:25:20 INFO  e.p.c.ControladorVisualizarPersonajes - Panel de filtros ocultado
2025-11-28 13:25:21 INFO  e.p.controladores.ControladorDatos - ControladorVentana inicializado correctamente.
2025-11-28 13:25:21 DEBUG e.p.controladores.ControladorDatos - Cargando datos de prueba...
2025-11-28 13:25:21 ERROR e.p.controladores.ControladorDatos - Error al cargar la imagen. Verifica la ruta y el nombre del archivo: /es/potersitos/img/aamir_loonat.jpg
java.lang.NullPointerException: Input stream must not be null
	at javafx.graphics@24/javafx.scene.image.Image.validateInputStream(Image.java:1142)
	at javafx.graphics@24/javafx.scene.image.Image.<init>(Image.java:709)
	at es.potersitos/es.potersitos.controladores.ControladorDatos.cargarDatosPrueba(ControladorDatos.java:102)
	at es.potersitos/es.potersitos.controladores.ControladorDatos.initialize(ControladorDatos.java:83)
	at javafx.fxml@24/javafx.fxml.FXMLLoader.loadImpl(FXMLLoader.java:2640)
	at javafx.fxml@24/javafx.fxml.FXMLLoader.loadImpl(FXMLLoader.java:2533)
	at javafx.fxml@24/javafx.fxml.FXMLLoader.load(FXMLLoader.java:2503)
	at es.potersitos/es.potersitos.controladores.ControladorFichaPersonaje.handleCardClick(ControladorFichaPersonaje.java:52)
	at java.base/jdk.internal.reflect.DirectMethodHandleAccessor.invoke(DirectMethodHandleAccessor.java:104)
	at java.base/java.lang.reflect.Method.invoke(Method.java:565)
	at com.sun.javafx.reflect.Trampoline.invoke(MethodUtil.java:65)
	at java.base/jdk.internal.reflect.DirectMethodHandleAccessor.invoke(DirectMethodHandleAccessor.java:104)
	at java.base/java.lang.reflect.Method.invoke(Method.java:565)
	at javafx.base@24/com.sun.javafx.reflect.MethodUtil.invoke(MethodUtil.java:112)
	at javafx.fxml@24/com.sun.javafx.fxml.MethodHelper.invoke(MethodHelper.java:78)
	at javafx.fxml@24/javafx.fxml.FXMLLoader$MethodHandler.invoke(FXMLLoader.java:1845)
	at javafx.fxml@24/javafx.fxml.FXMLLoader$ControllerMethodEventHandler.handle(FXMLLoader.java:1718)
	at javafx.base@24/com.sun.javafx.event.CompositeEventHandler.dispatchBubblingEvent(CompositeEventHandler.java:86)
	at javafx.base@24/com.sun.javafx.event.EventHandlerManager.dispatchBubblingEvent(EventHandlerManager.java:232)
	at javafx.base@24/com.sun.javafx.event.EventHandlerManager.dispatchBubblingEvent(EventHandlerManager.java:189)
	at javafx.base@24/com.sun.javafx.event.CompositeEventDispatcher.dispatchBubblingEvent(CompositeEventDispatcher.java:59)
	at javafx.base@24/com.sun.javafx.event.BasicEventDispatcher.dispatchEvent(BasicEventDispatcher.java:58)
	at javafx.base@24/com.sun.javafx.event.EventDispatchChainImpl.dispatchEvent(EventDispatchChainImpl.java:114)
	at javafx.base@24/com.sun.javafx.event.BasicEventDispatcher.dispatchEvent(BasicEventDispatcher.java:56)
	at javafx.base@24/com.sun.javafx.event.EventDispatchChainImpl.dispatchEvent(EventDispatchChainImpl.java:114)
	at javafx.base@24/com.sun.javafx.event.BasicEventDispatcher.dispatchEvent(BasicEventDispatcher.java:56)
	at javafx.base@24/com.sun.javafx.event.EventDispatchChainImpl.dispatchEvent(EventDispatchChainImpl.java:114)
	at javafx.base@24/com.sun.javafx.event.BasicEventDispatcher.dispatchEvent(BasicEventDispatcher.java:56)
	at javafx.base@24/com.sun.javafx.event.EventDispatchChainImpl.dispatchEvent(EventDispatchChainImpl.java:114)
	at javafx.base@24/com.sun.javafx.event.BasicEventDispatcher.dispatchEvent(BasicEventDispatcher.java:56)
	at javafx.base@24/com.sun.javafx.event.EventDispatchChainImpl.dispatchEvent(EventDispatchChainImpl.java:114)
	at javafx.base@24/com.sun.javafx.event.EventUtil.fireEventImpl(EventUtil.java:74)
	at javafx.base@24/com.sun.javafx.event.EventUtil.fireEvent(EventUtil.java:54)
	at javafx.base@24/javafx.event.Event.fireEvent(Event.java:199)
	at javafx.graphics@24/javafx.scene.Scene$ClickGenerator.postProcess(Scene.java:3709)
	at javafx.graphics@24/javafx.scene.Scene$MouseHandler.process(Scene.java:4014)
	at javafx.graphics@24/javafx.scene.Scene.processMouseEvent(Scene.java:1934)
	at javafx.graphics@24/javafx.scene.Scene$ScenePeerListener.mouseEvent(Scene.java:2763)
	at javafx.graphics@24/com.sun.javafx.tk.quantum.GlassViewEventHandler$MouseEventNotification.get(GlassViewEventHandler.java:352)
	at javafx.graphics@24/com.sun.javafx.tk.quantum.GlassViewEventHandler$MouseEventNotification.get(GlassViewEventHandler.java:254)
	at javafx.graphics@24/com.sun.javafx.tk.quantum.QuantumToolkit.runWithoutRenderLock(QuantumToolkit.java:424)
	at javafx.graphics@24/com.sun.javafx.tk.quantum.GlassViewEventHandler.handleMouseEvent(GlassViewEventHandler.java:386)
	at javafx.graphics@24/com.sun.glass.ui.View.handleMouseEvent(View.java:560)
	at javafx.graphics@24/com.sun.glass.ui.View.notifyMouse(View.java:946)
	at javafx.graphics@24/com.sun.glass.ui.win.WinApplication._runLoop(Native Method)
	at javafx.graphics@24/com.sun.glass.ui.win.WinApplication.lambda$runLoop$0(WinApplication.java:168)
	at java.base/java.lang.Thread.run(Thread.java:1447)
2025-11-28 13:25:24 INFO  es.potersitos.App - Aplicación finalizada correctamente
2025-11-28 13:30:59 INFO  es.potersitos.App - Iniciando aplicación JavaFX...
2025-11-28 13:30:59 DEBUG es.potersitos.App - Cargando el archivo FXML: visualizarPersonajes.fxml
2025-11-28 13:31:00 INFO  e.p.c.ControladorVisualizarPersonajes - Inicializando ControladorVisualizarPersonajes...
2025-11-28 13:31:00 INFO  es.potersitos.App - FXML cargado correctamente
2025-11-28 13:31:00 INFO  es.potersitos.App - CSS cargado correctamente
2025-11-28 13:31:02 INFO  e.p.controladores.ControladorDatos - ControladorVentana inicializado correctamente.
2025-11-28 13:31:02 DEBUG e.p.controladores.ControladorDatos - Cargando datos de prueba...
2025-11-28 13:31:02 ERROR e.p.controladores.ControladorDatos - Error al cargar la imagen. Verifica la ruta y el nombre del archivo: /es/potersitos/img/aamir_loonat.jpg
java.lang.NullPointerException: Input stream must not be null
	at javafx.graphics@24/javafx.scene.image.Image.validateInputStream(Image.java:1142)
	at javafx.graphics@24/javafx.scene.image.Image.<init>(Image.java:709)
	at es.potersitos/es.potersitos.controladores.ControladorDatos.cargarDatosPrueba(ControladorDatos.java:102)
	at es.potersitos/es.potersitos.controladores.ControladorDatos.initialize(ControladorDatos.java:83)
	at javafx.fxml@24/javafx.fxml.FXMLLoader.loadImpl(FXMLLoader.java:2640)
	at javafx.fxml@24/javafx.fxml.FXMLLoader.loadImpl(FXMLLoader.java:2533)
	at javafx.fxml@24/javafx.fxml.FXMLLoader.load(FXMLLoader.java:2503)
	at es.potersitos/es.potersitos.controladores.ControladorFichaPersonaje.handleCardClick(ControladorFichaPersonaje.java:52)
	at java.base/jdk.internal.reflect.DirectMethodHandleAccessor.invoke(DirectMethodHandleAccessor.java:104)
	at java.base/java.lang.reflect.Method.invoke(Method.java:565)
	at com.sun.javafx.reflect.Trampoline.invoke(MethodUtil.java:65)
	at java.base/jdk.internal.reflect.DirectMethodHandleAccessor.invoke(DirectMethodHandleAccessor.java:104)
	at java.base/java.lang.reflect.Method.invoke(Method.java:565)
	at javafx.base@24/com.sun.javafx.reflect.MethodUtil.invoke(MethodUtil.java:112)
	at javafx.fxml@24/com.sun.javafx.fxml.MethodHelper.invoke(MethodHelper.java:78)
	at javafx.fxml@24/javafx.fxml.FXMLLoader$MethodHandler.invoke(FXMLLoader.java:1845)
	at javafx.fxml@24/javafx.fxml.FXMLLoader$ControllerMethodEventHandler.handle(FXMLLoader.java:1718)
	at javafx.base@24/com.sun.javafx.event.CompositeEventHandler.dispatchBubblingEvent(CompositeEventHandler.java:86)
	at javafx.base@24/com.sun.javafx.event.EventHandlerManager.dispatchBubblingEvent(EventHandlerManager.java:232)
	at javafx.base@24/com.sun.javafx.event.EventHandlerManager.dispatchBubblingEvent(EventHandlerManager.java:189)
	at javafx.base@24/com.sun.javafx.event.CompositeEventDispatcher.dispatchBubblingEvent(CompositeEventDispatcher.java:59)
	at javafx.base@24/com.sun.javafx.event.BasicEventDispatcher.dispatchEvent(BasicEventDispatcher.java:58)
	at javafx.base@24/com.sun.javafx.event.EventDispatchChainImpl.dispatchEvent(EventDispatchChainImpl.java:114)
	at javafx.base@24/com.sun.javafx.event.BasicEventDispatcher.dispatchEvent(BasicEventDispatcher.java:56)
	at javafx.base@24/com.sun.javafx.event.EventDispatchChainImpl.dispatchEvent(EventDispatchChainImpl.java:114)
	at javafx.base@24/com.sun.javafx.event.BasicEventDispatcher.dispatchEvent(BasicEventDispatcher.java:56)
	at javafx.base@24/com.sun.javafx.event.EventDispatchChainImpl.dispatchEvent(EventDispatchChainImpl.java:114)
	at javafx.base@24/com.sun.javafx.event.BasicEventDispatcher.dispatchEvent(BasicEventDispatcher.java:56)
	at javafx.base@24/com.sun.javafx.event.EventDispatchChainImpl.dispatchEvent(EventDispatchChainImpl.java:114)
	at javafx.base@24/com.sun.javafx.event.BasicEventDispatcher.dispatchEvent(BasicEventDispatcher.java:56)
	at javafx.base@24/com.sun.javafx.event.EventDispatchChainImpl.dispatchEvent(EventDispatchChainImpl.java:114)
	at javafx.base@24/com.sun.javafx.event.EventUtil.fireEventImpl(EventUtil.java:74)
	at javafx.base@24/com.sun.javafx.event.EventUtil.fireEvent(EventUtil.java:54)
	at javafx.base@24/javafx.event.Event.fireEvent(Event.java:199)
	at javafx.graphics@24/javafx.scene.Scene$ClickGenerator.postProcess(Scene.java:3709)
	at javafx.graphics@24/javafx.scene.Scene$MouseHandler.process(Scene.java:4014)
	at javafx.graphics@24/javafx.scene.Scene.processMouseEvent(Scene.java:1934)
	at javafx.graphics@24/javafx.scene.Scene$ScenePeerListener.mouseEvent(Scene.java:2763)
	at javafx.graphics@24/com.sun.javafx.tk.quantum.GlassViewEventHandler$MouseEventNotification.get(GlassViewEventHandler.java:352)
	at javafx.graphics@24/com.sun.javafx.tk.quantum.GlassViewEventHandler$MouseEventNotification.get(GlassViewEventHandler.java:254)
	at javafx.graphics@24/com.sun.javafx.tk.quantum.QuantumToolkit.runWithoutRenderLock(QuantumToolkit.java:424)
	at javafx.graphics@24/com.sun.javafx.tk.quantum.GlassViewEventHandler.handleMouseEvent(GlassViewEventHandler.java:386)
	at javafx.graphics@24/com.sun.glass.ui.View.handleMouseEvent(View.java:560)
	at javafx.graphics@24/com.sun.glass.ui.View.notifyMouse(View.java:946)
	at javafx.graphics@24/com.sun.glass.ui.win.WinApplication._runLoop(Native Method)
	at javafx.graphics@24/com.sun.glass.ui.win.WinApplication.lambda$runLoop$0(WinApplication.java:168)
	at java.base/java.lang.Thread.run(Thread.java:1447)
2025-11-28 13:31:12 INFO  es.potersitos.App - Aplicación finalizada correctamente
2025-12-02 10:04:26 INFO  es.potersitos.App - Iniciando aplicación JavaFX...
2025-12-02 10:04:26 DEBUG es.potersitos.App - Cargando el archivo FXML: visualizarPersonajes.fxml
2025-12-02 10:04:27 INFO  e.p.c.ControladorVisualizarPersonajes - Inicializando ControladorVisualizarPersonajes...
2025-12-02 10:04:27 INFO  es.potersitos.App - FXML cargado correctamente
2025-12-02 10:04:27 INFO  es.potersitos.App - CSS cargado correctamente: file:/C:/Users/dm2/Documents/DEIN/Proyecto3%20(Hogwarts)/Reto3_Hogwarts_Anuario/target/classes/es/potersitos/css/estilo.css
2025-12-02 10:04:29 INFO  e.p.controladores.ControladorDatos - ControladorVentana inicializado correctamente.
2025-12-02 10:04:29 DEBUG e.p.controladores.ControladorDatos - Cargando datos de prueba...
2025-12-02 10:04:29 ERROR e.p.controladores.ControladorDatos - Error al cargar la imagen. Verifica la ruta y el nombre del archivo: /es/potersitos/img/foto.png
java.lang.NullPointerException: Input stream must not be null
	at javafx.graphics@24/javafx.scene.image.Image.validateInputStream(Image.java:1142)
	at javafx.graphics@24/javafx.scene.image.Image.<init>(Image.java:709)
	at es.potersitos/es.potersitos.controladores.ControladorDatos.cargarDatosPrueba(ControladorDatos.java:103)
	at es.potersitos/es.potersitos.controladores.ControladorDatos.initialize(ControladorDatos.java:84)
	at javafx.fxml@24/javafx.fxml.FXMLLoader.loadImpl(FXMLLoader.java:2640)
	at javafx.fxml@24/javafx.fxml.FXMLLoader.loadImpl(FXMLLoader.java:2533)
	at javafx.fxml@24/javafx.fxml.FXMLLoader.load(FXMLLoader.java:2503)
	at es.potersitos/es.potersitos.controladores.ControladorFichaPersonaje.handleCardClick(ControladorFichaPersonaje.java:53)
	at java.base/jdk.internal.reflect.DirectMethodHandleAccessor.invoke(DirectMethodHandleAccessor.java:104)
	at java.base/java.lang.reflect.Method.invoke(Method.java:565)
	at com.sun.javafx.reflect.Trampoline.invoke(MethodUtil.java:65)
	at java.base/jdk.internal.reflect.DirectMethodHandleAccessor.invoke(DirectMethodHandleAccessor.java:104)
	at java.base/java.lang.reflect.Method.invoke(Method.java:565)
	at javafx.base@24/com.sun.javafx.reflect.MethodUtil.invoke(MethodUtil.java:112)
	at javafx.fxml@24/com.sun.javafx.fxml.MethodHelper.invoke(MethodHelper.java:78)
	at javafx.fxml@24/javafx.fxml.FXMLLoader$MethodHandler.invoke(FXMLLoader.java:1845)
	at javafx.fxml@24/javafx.fxml.FXMLLoader$ControllerMethodEventHandler.handle(FXMLLoader.java:1718)
	at javafx.base@24/com.sun.javafx.event.CompositeEventHandler.dispatchBubblingEvent(CompositeEventHandler.java:86)
	at javafx.base@24/com.sun.javafx.event.EventHandlerManager.dispatchBubblingEvent(EventHandlerManager.java:232)
	at javafx.base@24/com.sun.javafx.event.EventHandlerManager.dispatchBubblingEvent(EventHandlerManager.java:189)
	at javafx.base@24/com.sun.javafx.event.CompositeEventDispatcher.dispatchBubblingEvent(CompositeEventDispatcher.java:59)
	at javafx.base@24/com.sun.javafx.event.BasicEventDispatcher.dispatchEvent(BasicEventDispatcher.java:58)
	at javafx.base@24/com.sun.javafx.event.EventDispatchChainImpl.dispatchEvent(EventDispatchChainImpl.java:114)
	at javafx.base@24/com.sun.javafx.event.BasicEventDispatcher.dispatchEvent(BasicEventDispatcher.java:56)
	at javafx.base@24/com.sun.javafx.event.EventDispatchChainImpl.dispatchEvent(EventDispatchChainImpl.java:114)
	at javafx.base@24/com.sun.javafx.event.BasicEventDispatcher.dispatchEvent(BasicEventDispatcher.java:56)
	at javafx.base@24/com.sun.javafx.event.EventDispatchChainImpl.dispatchEvent(EventDispatchChainImpl.java:114)
	at javafx.base@24/com.sun.javafx.event.BasicEventDispatcher.dispatchEvent(BasicEventDispatcher.java:56)
	at javafx.base@24/com.sun.javafx.event.EventDispatchChainImpl.dispatchEvent(EventDispatchChainImpl.java:114)
	at javafx.base@24/com.sun.javafx.event.BasicEventDispatcher.dispatchEvent(BasicEventDispatcher.java:56)
	at javafx.base@24/com.sun.javafx.event.EventDispatchChainImpl.dispatchEvent(EventDispatchChainImpl.java:114)
	at javafx.base@24/com.sun.javafx.event.EventUtil.fireEventImpl(EventUtil.java:74)
	at javafx.base@24/com.sun.javafx.event.EventUtil.fireEvent(EventUtil.java:54)
	at javafx.base@24/javafx.event.Event.fireEvent(Event.java:199)
	at javafx.graphics@24/javafx.scene.Scene$ClickGenerator.postProcess(Scene.java:3709)
	at javafx.graphics@24/javafx.scene.Scene$MouseHandler.process(Scene.java:4014)
	at javafx.graphics@24/javafx.scene.Scene.processMouseEvent(Scene.java:1934)
	at javafx.graphics@24/javafx.scene.Scene$ScenePeerListener.mouseEvent(Scene.java:2763)
	at javafx.graphics@24/com.sun.javafx.tk.quantum.GlassViewEventHandler$MouseEventNotification.get(GlassViewEventHandler.java:352)
	at javafx.graphics@24/com.sun.javafx.tk.quantum.GlassViewEventHandler$MouseEventNotification.get(GlassViewEventHandler.java:254)
	at javafx.graphics@24/com.sun.javafx.tk.quantum.QuantumToolkit.runWithoutRenderLock(QuantumToolkit.java:424)
	at javafx.graphics@24/com.sun.javafx.tk.quantum.GlassViewEventHandler.handleMouseEvent(GlassViewEventHandler.java:386)
	at javafx.graphics@24/com.sun.glass.ui.View.handleMouseEvent(View.java:560)
	at javafx.graphics@24/com.sun.glass.ui.View.notifyMouse(View.java:946)
	at javafx.graphics@24/com.sun.glass.ui.win.WinApplication._runLoop(Native Method)
	at javafx.graphics@24/com.sun.glass.ui.win.WinApplication.lambda$runLoop$0(WinApplication.java:168)
	at java.base/java.lang.Thread.run(Thread.java:1447)
2025-12-02 10:04:32 INFO  es.potersitos.App - Aplicación finalizada correctamente
2025-12-01 13:36:01 INFO  es.potersitos.App - Iniciando aplicación JavaFX...
2025-12-01 13:36:01 DEBUG es.potersitos.App - Cargando el archivo FXML: visualizarPersonajes.fxml
2025-12-01 13:36:02 INFO  e.p.c.ControladorVisualizarPersonajes - Inicializando ControladorVisualizarPersonajes...
2025-12-01 13:36:02 INFO  es.potersitos.App - FXML cargado correctamente
2025-12-01 13:36:02 INFO  es.potersitos.App - CSS cargado correctamente: file:/C:/Users/dm2/Documents/DEIN/Proyecto3%20(Hogwarts)/Reto3_Hogwarts_Anuario/target/classes/es/potersitos/css/estilo.css
2025-12-01 13:36:04 INFO  e.p.controladores.ControladorDatos - ControladorVentana inicializado correctamente.
2025-12-01 13:36:04 DEBUG e.p.controladores.ControladorDatos - Cargando datos de prueba...
2025-12-01 13:36:04 ERROR e.p.controladores.ControladorDatos - Error al cargar la imagen. Verifica la ruta y el nombre del archivo: /es/potersitos/img/foto.png
java.lang.NullPointerException: Input stream must not be null
	at javafx.graphics@24/javafx.scene.image.Image.validateInputStream(Image.java:1142)
	at javafx.graphics@24/javafx.scene.image.Image.<init>(Image.java:709)
	at es.potersitos/es.potersitos.controladores.ControladorDatos.cargarDatosPrueba(ControladorDatos.java:103)
	at es.potersitos/es.potersitos.controladores.ControladorDatos.initialize(ControladorDatos.java:84)
	at javafx.fxml@24/javafx.fxml.FXMLLoader.loadImpl(FXMLLoader.java:2640)
	at javafx.fxml@24/javafx.fxml.FXMLLoader.loadImpl(FXMLLoader.java:2533)
	at javafx.fxml@24/javafx.fxml.FXMLLoader.load(FXMLLoader.java:2503)
	at es.potersitos/es.potersitos.controladores.ControladorFichaPersonaje.handleCardClick(ControladorFichaPersonaje.java:53)
	at java.base/jdk.internal.reflect.DirectMethodHandleAccessor.invoke(DirectMethodHandleAccessor.java:104)
	at java.base/java.lang.reflect.Method.invoke(Method.java:565)
	at com.sun.javafx.reflect.Trampoline.invoke(MethodUtil.java:65)
	at java.base/jdk.internal.reflect.DirectMethodHandleAccessor.invoke(DirectMethodHandleAccessor.java:104)
	at java.base/java.lang.reflect.Method.invoke(Method.java:565)
	at javafx.base@24/com.sun.javafx.reflect.MethodUtil.invoke(MethodUtil.java:112)
	at javafx.fxml@24/com.sun.javafx.fxml.MethodHelper.invoke(MethodHelper.java:78)
	at javafx.fxml@24/javafx.fxml.FXMLLoader$MethodHandler.invoke(FXMLLoader.java:1845)
	at javafx.fxml@24/javafx.fxml.FXMLLoader$ControllerMethodEventHandler.handle(FXMLLoader.java:1718)
	at javafx.base@24/com.sun.javafx.event.CompositeEventHandler.dispatchBubblingEvent(CompositeEventHandler.java:86)
	at javafx.base@24/com.sun.javafx.event.EventHandlerManager.dispatchBubblingEvent(EventHandlerManager.java:232)
	at javafx.base@24/com.sun.javafx.event.EventHandlerManager.dispatchBubblingEvent(EventHandlerManager.java:189)
	at javafx.base@24/com.sun.javafx.event.CompositeEventDispatcher.dispatchBubblingEvent(CompositeEventDispatcher.java:59)
	at javafx.base@24/com.sun.javafx.event.BasicEventDispatcher.dispatchEvent(BasicEventDispatcher.java:58)
	at javafx.base@24/com.sun.javafx.event.EventDispatchChainImpl.dispatchEvent(EventDispatchChainImpl.java:114)
	at javafx.base@24/com.sun.javafx.event.BasicEventDispatcher.dispatchEvent(BasicEventDispatcher.java:56)
	at javafx.base@24/com.sun.javafx.event.EventDispatchChainImpl.dispatchEvent(EventDispatchChainImpl.java:114)
	at javafx.base@24/com.sun.javafx.event.BasicEventDispatcher.dispatchEvent(BasicEventDispatcher.java:56)
	at javafx.base@24/com.sun.javafx.event.EventDispatchChainImpl.dispatchEvent(EventDispatchChainImpl.java:114)
	at javafx.base@24/com.sun.javafx.event.BasicEventDispatcher.dispatchEvent(BasicEventDispatcher.java:56)
	at javafx.base@24/com.sun.javafx.event.EventDispatchChainImpl.dispatchEvent(EventDispatchChainImpl.java:114)
	at javafx.base@24/com.sun.javafx.event.BasicEventDispatcher.dispatchEvent(BasicEventDispatcher.java:56)
	at javafx.base@24/com.sun.javafx.event.EventDispatchChainImpl.dispatchEvent(EventDispatchChainImpl.java:114)
	at javafx.base@24/com.sun.javafx.event.EventUtil.fireEventImpl(EventUtil.java:74)
	at javafx.base@24/com.sun.javafx.event.EventUtil.fireEvent(EventUtil.java:54)
	at javafx.base@24/javafx.event.Event.fireEvent(Event.java:199)
	at javafx.graphics@24/javafx.scene.Scene$ClickGenerator.postProcess(Scene.java:3709)
	at javafx.graphics@24/javafx.scene.Scene$MouseHandler.process(Scene.java:4014)
	at javafx.graphics@24/javafx.scene.Scene.processMouseEvent(Scene.java:1934)
	at javafx.graphics@24/javafx.scene.Scene$ScenePeerListener.mouseEvent(Scene.java:2763)
	at javafx.graphics@24/com.sun.javafx.tk.quantum.GlassViewEventHandler$MouseEventNotification.get(GlassViewEventHandler.java:352)
	at javafx.graphics@24/com.sun.javafx.tk.quantum.GlassViewEventHandler$MouseEventNotification.get(GlassViewEventHandler.java:254)
	at javafx.graphics@24/com.sun.javafx.tk.quantum.QuantumToolkit.runWithoutRenderLock(QuantumToolkit.java:424)
	at javafx.graphics@24/com.sun.javafx.tk.quantum.GlassViewEventHandler.handleMouseEvent(GlassViewEventHandler.java:386)
	at javafx.graphics@24/com.sun.glass.ui.View.handleMouseEvent(View.java:560)
	at javafx.graphics@24/com.sun.glass.ui.View.notifyMouse(View.java:946)
	at javafx.graphics@24/com.sun.glass.ui.win.WinApplication._runLoop(Native Method)
	at javafx.graphics@24/com.sun.glass.ui.win.WinApplication.lambda$runLoop$0(WinApplication.java:168)
	at java.base/java.lang.Thread.run(Thread.java:1447)
2025-12-01 13:36:10 INFO  es.potersitos.App - Aplicación finalizada correctamente
2025-12-01 13:39:47 INFO  es.potersitos.App - Iniciando aplicación JavaFX...
2025-12-01 13:39:47 DEBUG es.potersitos.App - Cargando el archivo FXML: visualizarPersonajes.fxml
2025-12-01 13:39:48 INFO  e.p.c.ControladorVisualizarPersonajes - Inicializando ControladorVisualizarPersonajes...
2025-12-01 13:39:48 INFO  es.potersitos.App - FXML cargado correctamente
2025-12-01 13:39:48 INFO  es.potersitos.App - CSS cargado correctamente: file:/C:/Users/dm2/Documents/DEIN/Proyecto3%20(Hogwarts)/Reto3_Hogwarts_Anuario/target/classes/es/potersitos/css/estilo.css
2025-12-01 13:39:52 INFO  es.potersitos.App - Aplicación finalizada correctamente
2025-12-01 13:40:57 INFO  es.potersitos.App - Iniciando aplicación JavaFX...
2025-12-01 13:40:57 DEBUG es.potersitos.App - Cargando el archivo FXML: visualizarPersonajes.fxml
2025-12-01 13:40:57 INFO  e.p.c.ControladorVisualizarPersonajes - Inicializando ControladorVisualizarPersonajes...
2025-12-01 13:40:57 INFO  es.potersitos.App - FXML cargado correctamente
2025-12-01 13:40:57 INFO  es.potersitos.App - CSS cargado correctamente: file:/C:/Users/dm2/Documents/DEIN/Proyecto3%20(Hogwarts)/Reto3_Hogwarts_Anuario/target/classes/es/potersitos/css/estilo.css
2025-12-01 13:41:09 INFO  es.potersitos.App - Aplicación finalizada correctamente
2025-12-01 14:16:39 INFO  es.potersitos.App - Iniciando aplicación JavaFX...
2025-12-01 14:16:40 DEBUG es.potersitos.App - Cargando el archivo FXML: visualizarPersonajes.fxml
2025-12-01 14:16:40 INFO  e.p.c.ControladorVisualizarPersonajes - Inicializando ControladorVisualizarPersonajes...
2025-12-01 14:16:40 INFO  es.potersitos.App - FXML cargado correctamente
2025-12-01 14:16:40 INFO  es.potersitos.App - CSS cargado correctamente: file:/C:/Users/dm2/Documents/DEIN/Proyecto3%20(Hogwarts)/Reto3_Hogwarts_Anuario/target/classes/es/potersitos/css/estilo.css
2025-12-01 14:16:46 INFO  es.potersitos.App - Aplicación finalizada correctamente
2025-12-01 14:18:46 INFO  es.potersitos.App - Iniciando aplicación JavaFX...
2025-12-01 14:18:46 DEBUG es.potersitos.App - Cargando el archivo FXML: visualizarPersonajes.fxml
2025-12-01 14:18:46 INFO  e.p.c.ControladorVisualizarPersonajes - Inicializando ControladorVisualizarPersonajes...
2025-12-01 14:18:46 INFO  es.potersitos.App - FXML cargado correctamente
2025-12-01 14:18:46 INFO  es.potersitos.App - CSS cargado correctamente: file:/C:/Users/dm2/Documents/DEIN/Proyecto3%20(Hogwarts)/Reto3_Hogwarts_Anuario/target/classes/es/potersitos/css/estilo.css
2025-12-01 14:19:42 INFO  es.potersitos.App - Aplicación finalizada correctamente
2025-12-01 14:20:55 INFO  es.potersitos.App - Iniciando aplicación JavaFX...
2025-12-01 14:20:55 DEBUG es.potersitos.App - Cargando el archivo FXML: visualizarPersonajes.fxml
2025-12-01 14:20:56 INFO  e.p.c.ControladorVisualizarPersonajes - Inicializando ControladorVisualizarPersonajes...
2025-12-01 14:20:56 INFO  es.potersitos.App - FXML cargado correctamente
2025-12-01 14:20:56 INFO  es.potersitos.App - CSS cargado correctamente: file:/C:/Users/dm2/Documents/DEIN/Proyecto3%20(Hogwarts)/Reto3_Hogwarts_Anuario/target/classes/es/potersitos/css/estilo.css
2025-12-01 14:21:01 INFO  es.potersitos.App - Aplicación finalizada correctamente
2025-12-02 10:06:43 INFO  es.potersitos.App - Iniciando aplicación JavaFX...
2025-12-02 10:06:44 DEBUG es.potersitos.App - Cargando el archivo FXML: visualizarPersonajes.fxml
2025-12-02 10:06:44 INFO  e.p.c.ControladorVisualizarPersonajes - Inicializando ControladorVisualizarPersonajes...
2025-12-02 10:06:44 INFO  es.potersitos.App - FXML cargado correctamente
2025-12-02 10:06:44 INFO  es.potersitos.App - CSS cargado correctamente: file:/C:/Users/dm2/Documents/DEIN/Proyecto3%20(Hogwarts)/Reto3_Hogwarts_Anuario/target/classes/es/potersitos/css/estilo.css
2025-12-02 10:06:50 INFO  e.p.controladores.ControladorDatos - ControladorVentana inicializado correctamente.
2025-12-02 10:06:50 DEBUG e.p.controladores.ControladorDatos - Cargando datos de prueba...
2025-12-02 10:06:50 ERROR e.p.controladores.ControladorDatos - Error al cargar la imagen. Verifica la ruta y el nombre del archivo: /es/potersitos/img/foto.png
java.lang.NullPointerException: Input stream must not be null
	at javafx.graphics@24/javafx.scene.image.Image.validateInputStream(Image.java:1142)
	at javafx.graphics@24/javafx.scene.image.Image.<init>(Image.java:709)
	at es.potersitos/es.potersitos.controladores.ControladorDatos.cargarDatosPrueba(ControladorDatos.java:103)
	at es.potersitos/es.potersitos.controladores.ControladorDatos.initialize(ControladorDatos.java:84)
	at javafx.fxml@24/javafx.fxml.FXMLLoader.loadImpl(FXMLLoader.java:2640)
	at javafx.fxml@24/javafx.fxml.FXMLLoader.loadImpl(FXMLLoader.java:2533)
	at javafx.fxml@24/javafx.fxml.FXMLLoader.load(FXMLLoader.java:2503)
	at es.potersitos/es.potersitos.controladores.ControladorFichaPersonaje.handleCardClick(ControladorFichaPersonaje.java:55)
	at java.base/jdk.internal.reflect.DirectMethodHandleAccessor.invoke(DirectMethodHandleAccessor.java:104)
	at java.base/java.lang.reflect.Method.invoke(Method.java:565)
	at com.sun.javafx.reflect.Trampoline.invoke(MethodUtil.java:65)
	at java.base/jdk.internal.reflect.DirectMethodHandleAccessor.invoke(DirectMethodHandleAccessor.java:104)
	at java.base/java.lang.reflect.Method.invoke(Method.java:565)
	at javafx.base@24/com.sun.javafx.reflect.MethodUtil.invoke(MethodUtil.java:112)
	at javafx.fxml@24/com.sun.javafx.fxml.MethodHelper.invoke(MethodHelper.java:78)
	at javafx.fxml@24/javafx.fxml.FXMLLoader$MethodHandler.invoke(FXMLLoader.java:1845)
	at javafx.fxml@24/javafx.fxml.FXMLLoader$ControllerMethodEventHandler.handle(FXMLLoader.java:1718)
	at javafx.base@24/com.sun.javafx.event.CompositeEventHandler.dispatchBubblingEvent(CompositeEventHandler.java:86)
	at javafx.base@24/com.sun.javafx.event.EventHandlerManager.dispatchBubblingEvent(EventHandlerManager.java:232)
	at javafx.base@24/com.sun.javafx.event.EventHandlerManager.dispatchBubblingEvent(EventHandlerManager.java:189)
	at javafx.base@24/com.sun.javafx.event.CompositeEventDispatcher.dispatchBubblingEvent(CompositeEventDispatcher.java:59)
	at javafx.base@24/com.sun.javafx.event.BasicEventDispatcher.dispatchEvent(BasicEventDispatcher.java:58)
	at javafx.base@24/com.sun.javafx.event.EventDispatchChainImpl.dispatchEvent(EventDispatchChainImpl.java:114)
	at javafx.base@24/com.sun.javafx.event.BasicEventDispatcher.dispatchEvent(BasicEventDispatcher.java:56)
	at javafx.base@24/com.sun.javafx.event.EventDispatchChainImpl.dispatchEvent(EventDispatchChainImpl.java:114)
	at javafx.base@24/com.sun.javafx.event.BasicEventDispatcher.dispatchEvent(BasicEventDispatcher.java:56)
	at javafx.base@24/com.sun.javafx.event.EventDispatchChainImpl.dispatchEvent(EventDispatchChainImpl.java:114)
	at javafx.base@24/com.sun.javafx.event.BasicEventDispatcher.dispatchEvent(BasicEventDispatcher.java:56)
	at javafx.base@24/com.sun.javafx.event.EventDispatchChainImpl.dispatchEvent(EventDispatchChainImpl.java:114)
	at javafx.base@24/com.sun.javafx.event.BasicEventDispatcher.dispatchEvent(BasicEventDispatcher.java:56)
	at javafx.base@24/com.sun.javafx.event.EventDispatchChainImpl.dispatchEvent(EventDispatchChainImpl.java:114)
	at javafx.base@24/com.sun.javafx.event.EventUtil.fireEventImpl(EventUtil.java:74)
	at javafx.base@24/com.sun.javafx.event.EventUtil.fireEvent(EventUtil.java:54)
	at javafx.base@24/javafx.event.Event.fireEvent(Event.java:199)
	at javafx.graphics@24/javafx.scene.Scene$ClickGenerator.postProcess(Scene.java:3709)
	at javafx.graphics@24/javafx.scene.Scene$MouseHandler.process(Scene.java:4014)
	at javafx.graphics@24/javafx.scene.Scene.processMouseEvent(Scene.java:1934)
	at javafx.graphics@24/javafx.scene.Scene$ScenePeerListener.mouseEvent(Scene.java:2763)
	at javafx.graphics@24/com.sun.javafx.tk.quantum.GlassViewEventHandler$MouseEventNotification.get(GlassViewEventHandler.java:352)
	at javafx.graphics@24/com.sun.javafx.tk.quantum.GlassViewEventHandler$MouseEventNotification.get(GlassViewEventHandler.java:254)
	at javafx.graphics@24/com.sun.javafx.tk.quantum.QuantumToolkit.runWithoutRenderLock(QuantumToolkit.java:424)
	at javafx.graphics@24/com.sun.javafx.tk.quantum.GlassViewEventHandler.handleMouseEvent(GlassViewEventHandler.java:386)
	at javafx.graphics@24/com.sun.glass.ui.View.handleMouseEvent(View.java:560)
	at javafx.graphics@24/com.sun.glass.ui.View.notifyMouse(View.java:946)
	at javafx.graphics@24/com.sun.glass.ui.win.WinApplication._runLoop(Native Method)
	at javafx.graphics@24/com.sun.glass.ui.win.WinApplication.lambda$runLoop$0(WinApplication.java:168)
	at java.base/java.lang.Thread.run(Thread.java:1447)
2025-12-02 10:07:11 INFO  e.p.controladores.ControladorDatos - Botón de cierre ('X') presionado. Cerrando ventana.
2025-12-02 10:07:13 INFO  e.p.c.ControladorVisualizarPersonajes - Panel de filtros mostrado
2025-12-02 10:07:17 INFO  e.p.c.ControladorVisualizarPersonajes - Panel de filtros ocultado
2025-12-02 10:07:21 INFO  es.potersitos.App - Aplicación finalizada correctamente
2025-12-01 13:36:01 INFO  es.potersitos.App - Iniciando aplicación JavaFX...
2025-12-01 13:36:01 DEBUG es.potersitos.App - Cargando el archivo FXML: visualizarPersonajes.fxml
2025-12-01 13:36:02 INFO  e.p.c.ControladorVisualizarPersonajes - Inicializando ControladorVisualizarPersonajes...
2025-12-01 13:36:02 INFO  es.potersitos.App - FXML cargado correctamente
2025-12-01 13:36:02 INFO  es.potersitos.App - CSS cargado correctamente: file:/C:/Users/dm2/Documents/DEIN/Proyecto3%20(Hogwarts)/Reto3_Hogwarts_Anuario/target/classes/es/potersitos/css/estilo.css
2025-12-01 13:36:04 INFO  e.p.controladores.ControladorDatos - ControladorVentana inicializado correctamente.
2025-12-01 13:36:04 DEBUG e.p.controladores.ControladorDatos - Cargando datos de prueba...
2025-12-01 13:36:04 ERROR e.p.controladores.ControladorDatos - Error al cargar la imagen. Verifica la ruta y el nombre del archivo: /es/potersitos/img/foto.png
java.lang.NullPointerException: Input stream must not be null
	at javafx.graphics@24/javafx.scene.image.Image.validateInputStream(Image.java:1142)
	at javafx.graphics@24/javafx.scene.image.Image.<init>(Image.java:709)
	at es.potersitos/es.potersitos.controladores.ControladorDatos.cargarDatosPrueba(ControladorDatos.java:103)
	at es.potersitos/es.potersitos.controladores.ControladorDatos.initialize(ControladorDatos.java:84)
	at javafx.fxml@24/javafx.fxml.FXMLLoader.loadImpl(FXMLLoader.java:2640)
	at javafx.fxml@24/javafx.fxml.FXMLLoader.loadImpl(FXMLLoader.java:2533)
	at javafx.fxml@24/javafx.fxml.FXMLLoader.load(FXMLLoader.java:2503)
	at es.potersitos/es.potersitos.controladores.ControladorFichaPersonaje.handleCardClick(ControladorFichaPersonaje.java:53)
	at java.base/jdk.internal.reflect.DirectMethodHandleAccessor.invoke(DirectMethodHandleAccessor.java:104)
	at java.base/java.lang.reflect.Method.invoke(Method.java:565)
	at com.sun.javafx.reflect.Trampoline.invoke(MethodUtil.java:65)
	at java.base/jdk.internal.reflect.DirectMethodHandleAccessor.invoke(DirectMethodHandleAccessor.java:104)
	at java.base/java.lang.reflect.Method.invoke(Method.java:565)
	at javafx.base@24/com.sun.javafx.reflect.MethodUtil.invoke(MethodUtil.java:112)
	at javafx.fxml@24/com.sun.javafx.fxml.MethodHelper.invoke(MethodHelper.java:78)
	at javafx.fxml@24/javafx.fxml.FXMLLoader$MethodHandler.invoke(FXMLLoader.java:1845)
	at javafx.fxml@24/javafx.fxml.FXMLLoader$ControllerMethodEventHandler.handle(FXMLLoader.java:1718)
	at javafx.base@24/com.sun.javafx.event.CompositeEventHandler.dispatchBubblingEvent(CompositeEventHandler.java:86)
	at javafx.base@24/com.sun.javafx.event.EventHandlerManager.dispatchBubblingEvent(EventHandlerManager.java:232)
	at javafx.base@24/com.sun.javafx.event.EventHandlerManager.dispatchBubblingEvent(EventHandlerManager.java:189)
	at javafx.base@24/com.sun.javafx.event.CompositeEventDispatcher.dispatchBubblingEvent(CompositeEventDispatcher.java:59)
	at javafx.base@24/com.sun.javafx.event.BasicEventDispatcher.dispatchEvent(BasicEventDispatcher.java:58)
	at javafx.base@24/com.sun.javafx.event.EventDispatchChainImpl.dispatchEvent(EventDispatchChainImpl.java:114)
	at javafx.base@24/com.sun.javafx.event.BasicEventDispatcher.dispatchEvent(BasicEventDispatcher.java:56)
	at javafx.base@24/com.sun.javafx.event.EventDispatchChainImpl.dispatchEvent(EventDispatchChainImpl.java:114)
	at javafx.base@24/com.sun.javafx.event.BasicEventDispatcher.dispatchEvent(BasicEventDispatcher.java:56)
	at javafx.base@24/com.sun.javafx.event.EventDispatchChainImpl.dispatchEvent(EventDispatchChainImpl.java:114)
	at javafx.base@24/com.sun.javafx.event.BasicEventDispatcher.dispatchEvent(BasicEventDispatcher.java:56)
	at javafx.base@24/com.sun.javafx.event.EventDispatchChainImpl.dispatchEvent(EventDispatchChainImpl.java:114)
	at javafx.base@24/com.sun.javafx.event.BasicEventDispatcher.dispatchEvent(BasicEventDispatcher.java:56)
	at javafx.base@24/com.sun.javafx.event.EventDispatchChainImpl.dispatchEvent(EventDispatchChainImpl.java:114)
	at javafx.base@24/com.sun.javafx.event.EventUtil.fireEventImpl(EventUtil.java:74)
	at javafx.base@24/com.sun.javafx.event.EventUtil.fireEvent(EventUtil.java:54)
	at javafx.base@24/javafx.event.Event.fireEvent(Event.java:199)
	at javafx.graphics@24/javafx.scene.Scene$ClickGenerator.postProcess(Scene.java:3709)
	at javafx.graphics@24/javafx.scene.Scene$MouseHandler.process(Scene.java:4014)
	at javafx.graphics@24/javafx.scene.Scene.processMouseEvent(Scene.java:1934)
	at javafx.graphics@24/javafx.scene.Scene$ScenePeerListener.mouseEvent(Scene.java:2763)
	at javafx.graphics@24/com.sun.javafx.tk.quantum.GlassViewEventHandler$MouseEventNotification.get(GlassViewEventHandler.java:352)
	at javafx.graphics@24/com.sun.javafx.tk.quantum.GlassViewEventHandler$MouseEventNotification.get(GlassViewEventHandler.java:254)
	at javafx.graphics@24/com.sun.javafx.tk.quantum.QuantumToolkit.runWithoutRenderLock(QuantumToolkit.java:424)
	at javafx.graphics@24/com.sun.javafx.tk.quantum.GlassViewEventHandler.handleMouseEvent(GlassViewEventHandler.java:386)
	at javafx.graphics@24/com.sun.glass.ui.View.handleMouseEvent(View.java:560)
	at javafx.graphics@24/com.sun.glass.ui.View.notifyMouse(View.java:946)
	at javafx.graphics@24/com.sun.glass.ui.win.WinApplication._runLoop(Native Method)
	at javafx.graphics@24/com.sun.glass.ui.win.WinApplication.lambda$runLoop$0(WinApplication.java:168)
	at java.base/java.lang.Thread.run(Thread.java:1447)
2025-12-01 13:36:10 INFO  es.potersitos.App - Aplicación finalizada correctamente
2025-12-01 13:39:47 INFO  es.potersitos.App - Iniciando aplicación JavaFX...
2025-12-01 13:39:47 DEBUG es.potersitos.App - Cargando el archivo FXML: visualizarPersonajes.fxml
2025-12-01 13:39:48 INFO  e.p.c.ControladorVisualizarPersonajes - Inicializando ControladorVisualizarPersonajes...
2025-12-01 13:39:48 INFO  es.potersitos.App - FXML cargado correctamente
2025-12-01 13:39:48 INFO  es.potersitos.App - CSS cargado correctamente: file:/C:/Users/dm2/Documents/DEIN/Proyecto3%20(Hogwarts)/Reto3_Hogwarts_Anuario/target/classes/es/potersitos/css/estilo.css
2025-12-01 13:39:52 INFO  es.potersitos.App - Aplicación finalizada correctamente
2025-12-01 13:40:57 INFO  es.potersitos.App - Iniciando aplicación JavaFX...
2025-12-01 13:40:57 DEBUG es.potersitos.App - Cargando el archivo FXML: visualizarPersonajes.fxml
2025-12-01 13:40:57 INFO  e.p.c.ControladorVisualizarPersonajes - Inicializando ControladorVisualizarPersonajes...
2025-12-01 13:40:57 INFO  es.potersitos.App - FXML cargado correctamente
2025-12-01 13:40:57 INFO  es.potersitos.App - CSS cargado correctamente: file:/C:/Users/dm2/Documents/DEIN/Proyecto3%20(Hogwarts)/Reto3_Hogwarts_Anuario/target/classes/es/potersitos/css/estilo.css
2025-12-01 13:41:09 INFO  es.potersitos.App - Aplicación finalizada correctamente
2025-12-01 14:16:39 INFO  es.potersitos.App - Iniciando aplicación JavaFX...
2025-12-01 14:16:40 DEBUG es.potersitos.App - Cargando el archivo FXML: visualizarPersonajes.fxml
2025-12-01 14:16:40 INFO  e.p.c.ControladorVisualizarPersonajes - Inicializando ControladorVisualizarPersonajes...
2025-12-01 14:16:40 INFO  es.potersitos.App - FXML cargado correctamente
2025-12-01 14:16:40 INFO  es.potersitos.App - CSS cargado correctamente: file:/C:/Users/dm2/Documents/DEIN/Proyecto3%20(Hogwarts)/Reto3_Hogwarts_Anuario/target/classes/es/potersitos/css/estilo.css
2025-12-01 14:16:46 INFO  es.potersitos.App - Aplicación finalizada correctamente
2025-12-01 14:18:46 INFO  es.potersitos.App - Iniciando aplicación JavaFX...
2025-12-01 14:18:46 DEBUG es.potersitos.App - Cargando el archivo FXML: visualizarPersonajes.fxml
2025-12-01 14:18:46 INFO  e.p.c.ControladorVisualizarPersonajes - Inicializando ControladorVisualizarPersonajes...
2025-12-01 14:18:46 INFO  es.potersitos.App - FXML cargado correctamente
2025-12-01 14:18:46 INFO  es.potersitos.App - CSS cargado correctamente: file:/C:/Users/dm2/Documents/DEIN/Proyecto3%20(Hogwarts)/Reto3_Hogwarts_Anuario/target/classes/es/potersitos/css/estilo.css
2025-12-01 14:19:42 INFO  es.potersitos.App - Aplicación finalizada correctamente
2025-12-01 14:20:55 INFO  es.potersitos.App - Iniciando aplicación JavaFX...
2025-12-01 14:20:55 DEBUG es.potersitos.App - Cargando el archivo FXML: visualizarPersonajes.fxml
2025-12-01 14:20:56 INFO  e.p.c.ControladorVisualizarPersonajes - Inicializando ControladorVisualizarPersonajes...
2025-12-01 14:20:56 INFO  es.potersitos.App - FXML cargado correctamente
2025-12-01 14:20:56 INFO  es.potersitos.App - CSS cargado correctamente: file:/C:/Users/dm2/Documents/DEIN/Proyecto3%20(Hogwarts)/Reto3_Hogwarts_Anuario/target/classes/es/potersitos/css/estilo.css
2025-12-01 14:21:01 INFO  es.potersitos.App - Aplicación finalizada correctamente
2025-12-02 10:08:34 INFO  es.potersitos.App - Iniciando aplicación JavaFX...
2025-12-02 10:08:35 DEBUG es.potersitos.App - Cargando el archivo FXML: visualizarPersonajes.fxml
2025-12-02 10:08:35 INFO  e.p.c.ControladorVisualizarPersonajes - Inicializando ControladorVisualizarPersonajes...
2025-12-02 10:08:35 INFO  es.potersitos.App - FXML cargado correctamente
2025-12-02 10:08:35 INFO  es.potersitos.App - CSS cargado correctamente: file:/C:/Users/dm2/Documents/DEIN/Proyecto3%20(Hogwarts)/Reto3_Hogwarts_Anuario/target/classes/es/potersitos/css/estilo.css
2025-12-02 10:11:05 INFO  es.potersitos.App - Aplicación finalizada correctamente
2025-12-02 10:37:58 INFO  es.potersitos.App - Iniciando aplicación JavaFX...
2025-12-02 10:37:58 DEBUG es.potersitos.App - Cargando el archivo FXML: visualizarPersonajes.fxml
2025-12-02 10:37:59 INFO  e.p.c.ControladorVisualizarPersonajes - Inicializando ControladorVisualizarPersonajes...
2025-12-02 10:37:59 INFO  es.potersitos.App - FXML cargado correctamente
2025-12-02 10:37:59 INFO  es.potersitos.App - CSS cargado correctamente: file:/C:/Users/dm2/Documents/DEIN/Proyecto3%20(Hogwarts)/Reto3_Hogwarts_Anuario/target/classes/es/potersitos/css/estilo.css
2025-12-02 10:38:08 INFO  es.potersitos.App - Aplicación finalizada correctamente
2025-12-02 10:41:29 INFO  es.potersitos.App - Iniciando aplicación JavaFX...
2025-12-02 10:41:29 DEBUG es.potersitos.App - Cargando el archivo FXML: visualizarPersonajes.fxml
2025-12-02 10:41:29 INFO  e.p.c.ControladorVisualizarPersonajes - Inicializando ControladorVisualizarPersonajes...
2025-12-02 10:41:29 INFO  es.potersitos.App - FXML cargado correctamente
2025-12-02 10:41:29 INFO  es.potersitos.App - CSS cargado correctamente: file:/C:/Users/dm2/Documents/DEIN/Proyecto3%20(Hogwarts)/Reto3_Hogwarts_Anuario/target/classes/es/potersitos/css/estilo.css
2025-12-02 10:41:39 INFO  es.potersitos.App - Aplicación finalizada correctamente
2025-12-02 10:44:16 INFO  es.potersitos.App - Iniciando aplicación JavaFX...
2025-12-02 10:44:16 DEBUG es.potersitos.App - Cargando el archivo FXML: visualizarPersonajes.fxml
2025-12-02 10:44:17 INFO  e.p.c.ControladorVisualizarPersonajes - Inicializando ControladorVisualizarPersonajes...
2025-12-02 10:44:17 INFO  es.potersitos.App - FXML cargado correctamente
2025-12-02 10:44:17 INFO  es.potersitos.App - CSS cargado correctamente: file:/C:/Users/dm2/Documents/DEIN/Proyecto3%20(Hogwarts)/Reto3_Hogwarts_Anuario/target/classes/es/potersitos/css/estilo.css
2025-12-02 10:44:24 INFO  es.potersitos.App - Aplicación finalizada correctamente
2025-12-02 10:45:36 INFO  es.potersitos.App - Iniciando aplicación JavaFX...
2025-12-02 10:45:36 DEBUG es.potersitos.App - Cargando el archivo FXML: visualizarPersonajes.fxml
2025-12-02 10:45:37 INFO  e.p.c.ControladorVisualizarPersonajes - Inicializando ControladorVisualizarPersonajes...
2025-12-02 10:45:37 INFO  es.potersitos.App - FXML cargado correctamente
2025-12-02 10:45:37 INFO  es.potersitos.App - CSS cargado correctamente: file:/C:/Users/dm2/Documents/DEIN/Proyecto3%20(Hogwarts)/Reto3_Hogwarts_Anuario/target/classes/es/potersitos/css/estilo.css
2025-12-02 10:45:52 INFO  es.potersitos.App - Aplicación finalizada correctamente
2025-12-02 10:51:51 INFO  es.potersitos.App - Iniciando aplicación JavaFX...
2025-12-02 10:51:52 DEBUG es.potersitos.App - Cargando el archivo FXML: visualizarPersonajes.fxml
2025-12-02 10:51:52 INFO  e.p.c.ControladorVisualizarPersonajes - Inicializando ControladorVisualizarPersonajes...
2025-12-02 10:51:52 INFO  es.potersitos.App - FXML cargado correctamente
2025-12-02 10:51:52 INFO  es.potersitos.App - CSS cargado correctamente: file:/C:/Users/dm2/Documents/DEIN/Proyecto3%20(Hogwarts)/Reto3_Hogwarts_Anuario/target/classes/es/potersitos/css/estilo.css
2025-12-02 10:51:57 INFO  es.potersitos.App - Aplicación finalizada correctamente
2025-12-02 10:53:02 INFO  es.potersitos.App - Iniciando aplicación JavaFX...
2025-12-02 10:53:02 DEBUG es.potersitos.App - Cargando el archivo FXML: visualizarPersonajes.fxml
2025-12-02 10:53:03 INFO  e.p.c.ControladorVisualizarPersonajes - Inicializando ControladorVisualizarPersonajes...
2025-12-02 10:53:03 INFO  es.potersitos.App - FXML cargado correctamente
2025-12-02 10:53:03 INFO  es.potersitos.App - CSS cargado correctamente: file:/C:/Users/dm2/Documents/DEIN/Proyecto3%20(Hogwarts)/Reto3_Hogwarts_Anuario/target/classes/es/potersitos/css/estilo.css
2025-12-02 10:53:05 INFO  e.p.controladores.ControladorDatos - ControladorVentana inicializado correctamente.
2025-12-02 10:53:05 DEBUG e.p.controladores.ControladorDatos - Cargando datos de prueba...
2025-12-02 10:53:05 ERROR e.p.controladores.ControladorDatos - Error al cargar la imagen. Verifica la ruta y el nombre del archivo: /es/potersitos/img/foto.png
java.lang.NullPointerException: Input stream must not be null
	at javafx.graphics@24/javafx.scene.image.Image.validateInputStream(Image.java:1142)
	at javafx.graphics@24/javafx.scene.image.Image.<init>(Image.java:709)
	at es.potersitos/es.potersitos.controladores.ControladorDatos.cargarDatosPrueba(ControladorDatos.java:103)
	at es.potersitos/es.potersitos.controladores.ControladorDatos.initialize(ControladorDatos.java:84)
	at javafx.fxml@24/javafx.fxml.FXMLLoader.loadImpl(FXMLLoader.java:2640)
	at javafx.fxml@24/javafx.fxml.FXMLLoader.loadImpl(FXMLLoader.java:2533)
	at javafx.fxml@24/javafx.fxml.FXMLLoader.load(FXMLLoader.java:2503)
	at es.potersitos/es.potersitos.controladores.ControladorVisualizarPersonajes.onNuevo(ControladorVisualizarPersonajes.java:90)
	at java.base/jdk.internal.reflect.DirectMethodHandleAccessor.invoke(DirectMethodHandleAccessor.java:104)
	at java.base/java.lang.reflect.Method.invoke(Method.java:565)
	at com.sun.javafx.reflect.Trampoline.invoke(MethodUtil.java:65)
	at java.base/jdk.internal.reflect.DirectMethodHandleAccessor.invoke(DirectMethodHandleAccessor.java:104)
	at java.base/java.lang.reflect.Method.invoke(Method.java:565)
	at javafx.base@24/com.sun.javafx.reflect.MethodUtil.invoke(MethodUtil.java:112)
	at javafx.fxml@24/com.sun.javafx.fxml.MethodHelper.invoke(MethodHelper.java:78)
	at javafx.fxml@24/javafx.fxml.FXMLLoader$MethodHandler.invoke(FXMLLoader.java:1845)
	at javafx.fxml@24/javafx.fxml.FXMLLoader$ControllerMethodEventHandler.handle(FXMLLoader.java:1718)
	at javafx.base@24/com.sun.javafx.event.CompositeEventHandler.dispatchBubblingEvent(CompositeEventHandler.java:86)
	at javafx.base@24/com.sun.javafx.event.EventHandlerManager.dispatchBubblingEvent(EventHandlerManager.java:232)
	at javafx.base@24/com.sun.javafx.event.EventHandlerManager.dispatchBubblingEvent(EventHandlerManager.java:189)
	at javafx.base@24/com.sun.javafx.event.BasicEventDispatcher.dispatchEvent(BasicEventDispatcher.java:58)
	at javafx.base@24/com.sun.javafx.event.EventDispatchChainImpl.dispatchEvent(EventDispatchChainImpl.java:114)
	at javafx.base@24/com.sun.javafx.event.EventUtil.fireEventImpl(EventUtil.java:74)
	at javafx.base@24/com.sun.javafx.event.EventUtil.fireEvent(EventUtil.java:49)
	at javafx.base@24/javafx.event.Event.fireEvent(Event.java:199)
	at javafx.controls@24/javafx.scene.control.MenuItem.fire(MenuItem.java:459)
	at javafx.controls@24/com.sun.javafx.scene.control.ContextMenuContent$MenuItemContainer.doSelect(ContextMenuContent.java:1426)
	at javafx.controls@24/com.sun.javafx.scene.control.ContextMenuContent$MenuItemContainer.lambda$createChildren$12(ContextMenuContent.java:1379)
	at javafx.base@24/com.sun.javafx.event.CompositeEventHandler$NormalEventHandlerRecord.handleBubblingEvent(CompositeEventHandler.java:247)
	at javafx.base@24/com.sun.javafx.event.CompositeEventHandler.dispatchBubblingEvent(CompositeEventHandler.java:80)
	at javafx.base@24/com.sun.javafx.event.EventHandlerManager.dispatchBubblingEvent(EventHandlerManager.java:232)
	at javafx.base@24/com.sun.javafx.event.EventHandlerManager.dispatchBubblingEvent(EventHandlerManager.java:189)
	at javafx.base@24/com.sun.javafx.event.CompositeEventDispatcher.dispatchBubblingEvent(CompositeEventDispatcher.java:59)
	at javafx.base@24/com.sun.javafx.event.BasicEventDispatcher.dispatchEvent(BasicEventDispatcher.java:58)
	at javafx.base@24/com.sun.javafx.event.EventDispatchChainImpl.dispatchEvent(EventDispatchChainImpl.java:114)
	at javafx.base@24/com.sun.javafx.event.BasicEventDispatcher.dispatchEvent(BasicEventDispatcher.java:56)
	at javafx.base@24/com.sun.javafx.event.EventDispatchChainImpl.dispatchEvent(EventDispatchChainImpl.java:114)
	at javafx.base@24/com.sun.javafx.event.BasicEventDispatcher.dispatchEvent(BasicEventDispatcher.java:56)
	at javafx.base@24/com.sun.javafx.event.EventDispatchChainImpl.dispatchEvent(EventDispatchChainImpl.java:114)
	at javafx.base@24/com.sun.javafx.event.BasicEventDispatcher.dispatchEvent(BasicEventDispatcher.java:56)
	at javafx.base@24/com.sun.javafx.event.EventDispatchChainImpl.dispatchEvent(EventDispatchChainImpl.java:114)
	at javafx.base@24/com.sun.javafx.event.EventUtil.fireEventImpl(EventUtil.java:74)
	at javafx.base@24/com.sun.javafx.event.EventUtil.fireEvent(EventUtil.java:54)
	at javafx.base@24/javafx.event.Event.fireEvent(Event.java:199)
	at javafx.graphics@24/javafx.scene.Scene$MouseHandler.process(Scene.java:4005)
	at javafx.graphics@24/javafx.scene.Scene.processMouseEvent(Scene.java:1934)
	at javafx.graphics@24/javafx.scene.Scene$ScenePeerListener.mouseEvent(Scene.java:2763)
	at javafx.graphics@24/com.sun.javafx.tk.quantum.GlassViewEventHandler$MouseEventNotification.get(GlassViewEventHandler.java:352)
	at javafx.graphics@24/com.sun.javafx.tk.quantum.GlassViewEventHandler$MouseEventNotification.get(GlassViewEventHandler.java:254)
	at javafx.graphics@24/com.sun.javafx.tk.quantum.QuantumToolkit.runWithoutRenderLock(QuantumToolkit.java:424)
	at javafx.graphics@24/com.sun.javafx.tk.quantum.GlassViewEventHandler.handleMouseEvent(GlassViewEventHandler.java:386)
	at javafx.graphics@24/com.sun.glass.ui.View.handleMouseEvent(View.java:560)
	at javafx.graphics@24/com.sun.glass.ui.View.notifyMouse(View.java:946)
	at javafx.graphics@24/com.sun.glass.ui.win.WinApplication._runLoop(Native Method)
	at javafx.graphics@24/com.sun.glass.ui.win.WinApplication.lambda$runLoop$0(WinApplication.java:168)
	at java.base/java.lang.Thread.run(Thread.java:1447)
2025-12-02 10:53:07 INFO  es.potersitos.App - Aplicación finalizada correctamente
